# JRE version: OpenJDK Runtime Environment (17.0.11) (build 17.0.11+0--11852314)
# Java VM: OpenJDK 64-Bit Server VM (17.0.11+0--11852314, mixed mode, tiered, compressed oops, compressed class ptrs, g1 gc, windows-amd64)
GC Precious Log:
 CPUs: 12 total, 12 available
 Memory: 16191M
 Large Page Support: Disabled
 NUMA Support: Disabled
 Compressed Oops: Enabled (32-bit)
 Heap Region Size: 1M
 Heap Min Capacity: 8M
 Heap Initial Capacity: 254M
 Heap Max Capacity: 2G
 Pre-touch: Disabled
 Parallel Workers: 10
 Concurrent Workers: 3
 Concurrent Refinement Workers: 10
 Periodic GC: Disabled
Heap:
 garbage-first heap   total 362496K, used 273322K [0x0000000080000000, 0x0000000100000000)
  region size 1024K, 19 young (19456K), 5 survivors (5120K)
 Metaspace       used 199042K, committed 200320K, reserved 1245184K
  class space    used 25707K, committed 26304K, reserved 1048576K
GC Heap History (20 events):
Event: 461.951 GC heap before
{Heap before GC invocations=56 (full 0):
 garbage-first heap   total 362496K, used 306939K [0x0000000080000000, 0x0000000100000000)
  region size 1024K, 64 young (65536K), 4 survivors (4096K)
 Metaspace       used 191904K, committed 193152K, reserved 1245184K
  class space    used 24917K, committed 25536K, reserved 1048576K
}
Event: 461.955 GC heap after
{Heap after GC invocations=57 (full 0):
 garbage-first heap   total 362496K, used 246218K [0x0000000080000000, 0x0000000100000000)
  region size 1024K, 5 young (5120K), 5 survivors (5120K)
 Metaspace       used 191904K, committed 193152K, reserved 1245184K
  class space    used 24917K, committed 25536K, reserved 1048576K
}
Event: 462.039 GC heap before
{Heap before GC invocations=57 (full 0):
 garbage-first heap   total 362496K, used 309706K [0x0000000080000000, 0x0000000100000000)
  region size 1024K, 67 young (68608K), 5 survivors (5120K)
 Metaspace       used 191904K, committed 193152K, reserved 1245184K
  class space    used 24917K, committed 25536K, reserved 1048576K
}
Event: 462.042 GC heap after
{Heap after GC invocations=58 (full 0):
 garbage-first heap   total 362496K, used 247274K [0x0000000080000000, 0x0000000100000000)
  region size 1024K, 6 young (6144K), 6 survivors (6144K)
 Metaspace       used 191904K, committed 193152K, reserved 1245184K
  class space    used 24917K, committed 25536K, reserved 1048576K
}
Event: 462.361 GC heap before
{Heap before GC invocations=58 (full 0):
 garbage-first heap   total 362496K, used 313834K [0x0000000080000000, 0x0000000100000000)
  region size 1024K, 69 young (70656K), 6 survivors (6144K)
 Metaspace       used 192311K, committed 193536K, reserved 1245184K
  class space    used 24942K, committed 25536K, reserved 1048576K
}
Event: 462.364 GC heap after
{Heap after GC invocations=59 (full 0):
 garbage-first heap   total 362496K, used 248439K [0x0000000080000000, 0x0000000100000000)
  region size 1024K, 4 young (4096K), 4 survivors (4096K)
 Metaspace       used 192311K, committed 193536K, reserved 1245184K
  class space    used 24942K, committed 25536K, reserved 1048576K
}
Event: 462.563 GC heap before
{Heap before GC invocations=59 (full 0):
 garbage-first heap   total 362496K, used 311927K [0x0000000080000000, 0x0000000100000000)
  region size 1024K, 66 young (67584K), 4 survivors (4096K)
 Metaspace       used 192328K, committed 193536K, reserved 1245184K
  class space    used 24944K, committed 25536K, reserved 1048576K
}
Event: 462.565 GC heap after
{Heap after GC invocations=60 (full 0):
 garbage-first heap   total 362496K, used 248609K [0x0000000080000000, 0x0000000100000000)
  region size 1024K, 4 young (4096K), 4 survivors (4096K)
 Metaspace       used 192328K, committed 193536K, reserved 1245184K
  class space    used 24944K, committed 25536K, reserved 1048576K
}
Event: 462.763 GC heap before
{Heap before GC invocations=60 (full 0):
 garbage-first heap   total 362496K, used 314145K [0x0000000080000000, 0x0000000100000000)
  region size 1024K, 68 young (69632K), 4 survivors (4096K)
 Metaspace       used 192329K, committed 193536K, reserved 1245184K
  class space    used 24944K, committed 25536K, reserved 1048576K
}
Event: 462.764 GC heap after
{Heap after GC invocations=61 (full 0):
 garbage-first heap   total 362496K, used 248649K [0x0000000080000000, 0x0000000100000000)
  region size 1024K, 4 young (4096K), 4 survivors (4096K)
 Metaspace       used 192329K, committed 193536K, reserved 1245184K
  class space    used 24944K, committed 25536K, reserved 1048576K
}
Event: 462.949 GC heap before
{Heap before GC invocations=61 (full 0):
 garbage-first heap   total 362496K, used 316233K [0x0000000080000000, 0x0000000100000000)
  region size 1024K, 70 young (71680K), 4 survivors (4096K)
 Metaspace       used 192333K, committed 193536K, reserved 1245184K
  class space    used 24944K, committed 25536K, reserved 1048576K
}
Event: 462.951 GC heap after
{Heap after GC invocations=62 (full 0):
 garbage-first heap   total 362496K, used 248891K [0x0000000080000000, 0x0000000100000000)
  region size 1024K, 5 young (5120K), 5 survivors (5120K)
 Metaspace       used 192333K, committed 193536K, reserved 1245184K
  class space    used 24944K, committed 25536K, reserved 1048576K
}
Event: 463.355 GC heap before
{Heap before GC invocations=62 (full 0):
 garbage-first heap   total 362496K, used 317499K [0x0000000080000000, 0x0000000100000000)
  region size 1024K, 72 young (73728K), 5 survivors (5120K)
 Metaspace       used 194707K, committed 195904K, reserved 1245184K
  class space    used 25194K, committed 25792K, reserved 1048576K
}
Event: 463.358 GC heap after
{Heap after GC invocations=63 (full 0):
 garbage-first heap   total 362496K, used 246846K [0x0000000080000000, 0x0000000100000000)
  region size 1024K, 5 young (5120K), 5 survivors (5120K)
 Metaspace       used 194707K, committed 195904K, reserved 1245184K
  class space    used 25194K, committed 25792K, reserved 1048576K
}
Event: 463.809 GC heap before
{Heap before GC invocations=63 (full 0):
 garbage-first heap   total 362496K, used 314430K [0x0000000080000000, 0x0000000100000000)
  region size 1024K, 72 young (73728K), 5 survivors (5120K)
 Metaspace       used 197419K, committed 198656K, reserved 1245184K
  class space    used 25504K, committed 26112K, reserved 1048576K
}
Event: 463.818 GC heap after
{Heap after GC invocations=64 (full 0):
 garbage-first heap   total 362496K, used 253791K [0x0000000080000000, 0x0000000100000000)
  region size 1024K, 9 young (9216K), 9 survivors (9216K)
 Metaspace       used 197419K, committed 198656K, reserved 1245184K
  class space    used 25504K, committed 26112K, reserved 1048576K
}
Event: 465.005 GC heap before
{Heap before GC invocations=64 (full 0):
 garbage-first heap   total 362496K, used 312159K [0x0000000080000000, 0x0000000100000000)
  region size 1024K, 67 young (68608K), 9 survivors (9216K)
 Metaspace       used 199041K, committed 200320K, reserved 1245184K
  class space    used 25707K, committed 26304K, reserved 1048576K
}
Event: 465.014 GC heap after
{Heap after GC invocations=65 (full 0):
 garbage-first heap   total 362496K, used 258509K [0x0000000080000000, 0x0000000100000000)
  region size 1024K, 7 young (7168K), 7 survivors (7168K)
 Metaspace       used 199041K, committed 200320K, reserved 1245184K
  class space    used 25707K, committed 26304K, reserved 1048576K
}
Event: 465.366 GC heap before
{Heap before GC invocations=65 (full 0):
 garbage-first heap   total 362496K, used 311757K [0x0000000080000000, 0x0000000100000000)
  region size 1024K, 59 young (60416K), 7 survivors (7168K)
 Metaspace       used 199042K, committed 200320K, reserved 1245184K
  class space    used 25707K, committed 26304K, reserved 1048576K
}
Event: 465.371 GC heap after
{Heap after GC invocations=66 (full 0):
 garbage-first heap   total 362496K, used 260010K [0x0000000080000000, 0x0000000100000000)
  region size 1024K, 5 young (5120K), 5 survivors (5120K)
 Metaspace       used 199042K, committed 200320K, reserved 1245184K
  class space    used 25707K, committed 26304K, reserved 1048576K
}

